<?xml version="1.0" encoding="utf-8"?><testsuites name="pytest tests"><testsuite name="pytest" errors="0" failures="0" skipped="0" tests="19" time="5.027" timestamp="2026-01-29T23:58:23.439995+00:00" hostname="agent-env-f16def76-dd7e-4740-9a7a-f34717d8954c"><testcase classname="backend.tests.test_api.TestHealthAndStatus" name="test_api_root" time="0.106" /><testcase classname="backend.tests.test_api.TestHealthAndStatus" name="test_status_post" time="0.041" /><testcase classname="backend.tests.test_api.TestHealthAndStatus" name="test_status_get" time="0.042" /><testcase classname="backend.tests.test_api.TestAuthEndpoints" name="test_auth_me_unauthenticated" time="0.042" /><testcase classname="backend.tests.test_api.TestAuthEndpoints" name="test_auth_me_with_invalid_token" time="0.040" /><testcase classname="backend.tests.test_api.TestAuthEndpoints" name="test_auth_session_missing_session_id" time="0.036" /><testcase classname="backend.tests.test_api.TestAuthEndpoints" name="test_auth_logout_without_session" time="0.040" /><testcase classname="backend.tests.test_api.TestSyncEndpointsUnauthenticated" name="test_sync_stats_get_unauthenticated" time="0.042" /><testcase classname="backend.tests.test_api.TestSyncEndpointsUnauthenticated" name="test_sync_stats_post_unauthenticated" time="0.038" /><testcase classname="backend.tests.test_api.TestSyncEndpointsUnauthenticated" name="test_sync_history_get_unauthenticated" time="0.038" /><testcase classname="backend.tests.test_api.TestSyncEndpointsUnauthenticated" name="test_sync_history_post_unauthenticated" time="0.077" /><testcase classname="backend.tests.test_api.TestSyncEndpointsUnauthenticated" name="test_sync_settings_get_unauthenticated" time="0.036" /><testcase classname="backend.tests.test_api.TestSyncEndpointsUnauthenticated" name="test_sync_settings_post_unauthenticated" time="0.038" /><testcase classname="backend.tests.test_api.TestSyncEndpointsUnauthenticated" name="test_sync_full_unauthenticated" time="0.034" /><testcase classname="backend.tests.test_api.TestAuthenticatedEndpoints" name="test_auth_me_authenticated" time="0.822" /><testcase classname="backend.tests.test_api.TestAuthenticatedEndpoints" name="test_sync_stats_get_authenticated" time="0.829" /><testcase classname="backend.tests.test_api.TestAuthenticatedEndpoints" name="test_sync_stats_post_authenticated" time="0.892" /><testcase classname="backend.tests.test_api.TestAuthenticatedEndpoints" name="test_sync_settings_authenticated" time="0.882" /><testcase classname="backend.tests.test_api.TestAuthenticatedEndpoints" name="test_sync_full_authenticated" time="0.876" /></testsuite></testsuites>